<!DOCTYPE html>

<html>
  <head>
  <meta charset='utf-8'>
  <title>TestNG reports</title>

    <link type="text/css" href="testng-reports1.css" rel="stylesheet" id="ultra" />
    <link type="text/css" href="testng-reports.css" rel="stylesheet" id="retro" disabled="false"/>
    <script type="text/javascript" src="jquery-3.6.0.min.js"></script>
    <script type="text/javascript" src="testng-reports.js"></script>
    <script type="text/javascript" src="https://www.google.com/jsapi"></script>
    <script type='text/javascript'>
      google.load('visualization', '1', {packages:['table']});
      google.setOnLoadCallback(drawTable);
      var suiteTableInitFunctions = new Array();
      var suiteTableData = new Array();
    </script>
    <!--
      <script type="text/javascript" src="jquery-ui/js/jquery-ui-1.8.16.custom.min.js"></script>
     -->
  </head>

  <body>    <div class="top-banner-root">
      <span class="top-banner-title-font">Test results</span>
      <button id="button" class="button">Switch Retro Theme</button> <!-- button -->
      <br/>
      <span class="top-banner-font-1">1 suite, 3 failed tests</span>
    </div> <!-- top-banner-root -->
    <div class="navigator-root">
      <div class="navigator-suite-header">
        <span>All suites</span>
        <a href="#" title="Collapse/expand all the suites" class="collapse-all-link">
          <img src="collapseall.gif" class="collapse-all-icon">
          </img> <!-- collapse-all-icon -->
        </a> <!-- collapse-all-link -->
      </div> <!-- navigator-suite-header -->
      <div class="suite">
        <div class="rounded-window">
          <div class="suite-header light-rounded-window-top">
            <a href="#" panel-name="suite-Default_suite" class="navigator-link">
              <span class="suite-name border-failed">Default suite</span>
            </a> <!-- navigator-link -->
          </div> <!-- suite-header light-rounded-window-top -->
          <div class="navigator-suite-content">
            <div class="suite-section-title">
              <span>Info</span>
            </div> <!-- suite-section-title -->
            <div class="suite-section-content">
              <ul>
                <li>
                  <a href="#" panel-name="test-xml-Default_suite" class="navigator-link ">
                    <span>C:\Users\subhojitr\AppData\Local\Temp\testng-eclipse--1587467104\testng-customsuite.xml</span>
                  </a> <!-- navigator-link  -->
                </li>
                <li>
                  <a href="#" panel-name="testlist-Default_suite" class="navigator-link ">
                    <span class="test-stats">1 test</span>
                  </a> <!-- navigator-link  -->
                </li>
                <li>
                  <a href="#" panel-name="group-Default_suite" class="navigator-link ">
                    <span>0 groups</span>
                  </a> <!-- navigator-link  -->
                </li>
                <li>
                  <a href="#" panel-name="times-Default_suite" class="navigator-link ">
                    <span>Times</span>
                  </a> <!-- navigator-link  -->
                </li>
                <li>
                  <a href="#" panel-name="reporter-Default_suite" class="navigator-link ">
                    <span>Reporter output</span>
                  </a> <!-- navigator-link  -->
                </li>
                <li>
                  <a href="#" panel-name="ignored-methods-Default_suite" class="navigator-link ">
                    <span>Ignored methods</span>
                  </a> <!-- navigator-link  -->
                </li>
                <li>
                  <a href="#" panel-name="chronological-Default_suite" class="navigator-link ">
                    <span>Chronological view</span>
                  </a> <!-- navigator-link  -->
                </li>
              </ul>
            </div> <!-- suite-section-content -->
            <div class="result-section">
              <div class="suite-section-title">
                <span>Results</span>
              </div> <!-- suite-section-title -->
              <div class="suite-section-content">
                <ul>
                  <li>
                    <span class="method-stats">4 methods, 3 failed,   1 passed</span>
                  </li>
                  <li>
                    <span class="method-list-title failed">Failed methods</span>
                    <span class="show-or-hide-methods failed">
                      <a href="#" panel-name="suite-Default_suite" class="hide-methods failed suite-Default_suite"> (hide)</a> <!-- hide-methods failed suite-Default_suite -->
                      <a href="#" panel-name="suite-Default_suite" class="show-methods failed suite-Default_suite"> (show)</a> <!-- show-methods failed suite-Default_suite -->
                    </span>
                    <div class="method-list-content failed suite-Default_suite">
                      <span>
                        <img src="failed.png" width="3%"/>
                        <a href="#" panel-name="suite-Default_suite" title="com.eox.externalhdo.elementfleet.tests.EF_E2ETest" class="method navigator-link" hash-for-method="insuranceApplicationSubmission({leased_unit_Cap Cost (Original cost + Upfit value)(in USD)=43500, leased_unit_Lease Term (in Months...)">insuranceApplicationSubmission({leased_unit_Cap Cost (Original cost + Upfit value)(in USD)=43500, leased_unit_Lease Term (in Months...)</a> <!-- method navigator-link -->
                      </span>
                      <br/>
                      <span>
                        <img src="failed.png" width="3%"/>
                        <a href="#" panel-name="suite-Default_suite" title="com.eox.externalhdo.elementfleet.tests.EF_E2ETest" class="method navigator-link" hash-for-method="publishQuotetest">publishQuotetest</a> <!-- method navigator-link -->
                      </span>
                      <br/>
                      <span>
                        <img src="failed.png" width="3%"/>
                        <a href="#" panel-name="suite-Default_suite" title="com.eox.externalhdo.elementfleet.tests.EF_E2ETest" class="method navigator-link" hash-for-method="quoteAccept">quoteAccept</a> <!-- method navigator-link -->
                      </span>
                      <br/>
                    </div> <!-- method-list-content failed suite-Default_suite -->
                  </li>
                  <li>
                    <span class="method-list-title passed">Passed methods</span>
                    <span class="show-or-hide-methods passed">
                      <a href="#" panel-name="suite-Default_suite" class="hide-methods passed suite-Default_suite"> (hide)</a> <!-- hide-methods passed suite-Default_suite -->
                      <a href="#" panel-name="suite-Default_suite" class="show-methods passed suite-Default_suite"> (show)</a> <!-- show-methods passed suite-Default_suite -->
                    </span>
                    <div class="method-list-content passed suite-Default_suite">
                      <span>
                        <img src="passed.png" width="3%"/>
                        <a href="#" panel-name="suite-Default_suite" title="com.eox.externalhdo.elementfleet.tests.EF_E2ETest" class="method navigator-link" hash-for-method="producerSendapplication">producerSendapplication</a> <!-- method navigator-link -->
                      </span>
                      <br/>
                    </div> <!-- method-list-content passed suite-Default_suite -->
                  </li>
                </ul>
              </div> <!-- suite-section-content -->
            </div> <!-- result-section -->
          </div> <!-- navigator-suite-content -->
        </div> <!-- rounded-window -->
      </div> <!-- suite -->
    </div> <!-- navigator-root -->
    <div class="wrapper">
      <div class="main-panel-root">
        <div panel-name="suite-Default_suite" class="panel Default_suite">
          <div class="suite-Default_suite-class-failed">
            <div class="main-panel-header rounded-window-top">
              <img src="failed.png"/>
              <span class="class-name">com.eox.externalhdo.elementfleet.tests.EF_E2ETest</span>
            </div> <!-- main-panel-header rounded-window-top -->
            <div class="main-panel-content rounded-window-bottom">
              <div class="method">
                <div class="method-content">
                  <a name="insuranceApplicationSubmission({leased_unit_Cap Cost (Original cost + Upfit value)(in USD)=43500, leased_unit_Lease Term (in Months...)">
                  </a> <!-- insuranceApplicationSubmission({leased_unit_Cap Cost (Original cost + Upfit value)(in USD)=43500, leased_unit_Lease Term (in Months...) -->
                  <span class="method-name">insuranceApplicationSubmission</span>
                  <span class="parameters">({leased_unit_Cap Cost (Original cost + Upfit value)(in USD)=43500, leased_unit_Lease Term (in Months)=25, Address=NY, loc Zip Code=23451, Policy Number=TEST23254, Premium=250,000, fein=456543455, non_leased_units_ACV (Actual Cost Value) (in USD)=4, Tow limit=10,000, Business Phone=4565761234, Do operations involve transporting hazardous material?=no, Are you aware of any manufacturer defects?=no, non_leased_units_City=Dallas city, leased_equipment_Serial Number=CAT0320GCLX123456, leased_unit_Zip Code=75201, Is a formal safety program in operation?=yes, leased_unit_Deductible (in USD)=1000, Any vehicles owned but not scheduled on this application?=no, non_leased_units_Year=2025, leased_equipment_Make=Caterpillar, non_leased_units_Gross Vehicle Weight (in lbs)=14,001 – 16,000 lbs, non_leased_equipments_Model=320 GC Hydraulic Excavator, Any policy or coverage declined, cancelled=yes, non_leased_equipments_Deductible (in USD)=1000, In what radius do the majority of your vehicles operate?=0-50, loc Address=NY, Do you require insurance on units and equipment=yes, Contact First Name=Test, Contact Last Name=Test, MC Number=TEST123456, non_leased_equipments_Year=2025, non_leased_equipments_Equipment Value=4, Last Name=TEST, leased_equipment_Zip Code=75201, leased_unit_Make=Ford, Are you a subsidiary of another entity?=yes, Are any vehicles leased to others?=no, loss_payee_Zip Code=75201, DOT Number=432343234324, leased_unit_VIN #=1FTBR1C8XRKA12345, Percentage of Ownership2=, Percentage of Ownership1=, leased_equipment_Category=Lifts, Does applicant have other business ventures for which coverage is not requested?=yes, leased_equipment_Equipment Number=Test-123, What is the Use for the majority of your vehicles?=Service, Role Type=Accounting, non_leased_units_Zip Code=75201, lessor_State=AZ, non_leased_units_License Plate Number=TXL-8923, Webiste=www.elementfleet.com, Nature of Business=Service, Do you have a dedicated Safety Manager?=yes, Is there any loss of value at repossession?=no, Has there been any blowouts, punctures, or other road damage to tires?=no, Describe other operations for which coverage is not requested=Test, Is there a vehicle maintenance program in operation?=no, non_leased_equipments_Make=Caterpillar, non_leased_equipments_Zip Code=75201, loss_payee_Address=1234 Elm Street, non_leased_units_Vehicle Type=Heavy Trucks, non_leased_units_Make=Ford, non_leased_units_State of License Registration=AL, leased_unit_State=AZ, non_leased_units_Address=1234 Elm Street, Has there been any loss due to mysterious disappearance or damage caused by a criminal act?=no, Year=2020, Has there been any loss due to conversion, embezzlement, or secretion of the vehicle?=no, non_leased_equipments_State=AZ, Do you have any subsidiaries?=yes, Parent Company Name=TEST, loc State=NY, Please select your per occurrence Deductible. (in USD)=1000, Subsidiary Company Name =TEST, loss_payee_State=AZ, leased_unit_Model=Transit 250, leased_equipment_Address=1234 Elm Street, non_leased_equipments_Address=1234 Elm Street, Company=Joint Venture, leased_unit_Lease Start Date=07/13/2025, First Name=TEST, non_leased_units_VIN #=1FTBR1C8XRKA12345, applicant Zip Code=345765, leased_unit_Gross Vehicle Weight (in lbs)=14,001 – 16,000 lbs, leased_unit_State of License Registration=AL, Please describe primary operations=TEST, leased_equipment_Vehicle Type=Forklifts, NAICS=432123, Do you want to create a list of loss payees?=yes, loss_payee_Name=LoasssPayee1, non_leased_units_Is there an Additional Upfitting component?=no, leased_unit_Unit Number=Unit-123, non_leased_units_Do you intend to use this unit for less than 30 days?=No, Has there been any mechanical or electrical breakdown of the vehicles?=no, Carrier=Liberty Mutual Fire Insurance Company, leased_equipment_Year=2025, leased_equipment_Deductible (in USD)=1000, leased_equipment_State=AZ, non_leased_equipments_Is this a Pool Vehicle?=no, Would you like to add tow coverage?=yes, non_leased_equipments_Equipment Number=Test-123, non_leased_equipments_Vehicle Type=Forklifts, Has there been any damage due to gradual deterioration or the effects of improper/lack of maintenance?=no, City=NY, SIC=6361-32, lessor_Address=1234 Elm Street, Do you want to add more than 5 Element Leased Equipment?=no, leased_equipment_Equipment Value=4000, Do you want to add more than 5 Element Leased Units?=no, Proposed Effective date=07-08-2025, State=NY, leased_unit_Is this a Pool Vehicle?=no, Relationship Description=TEST, Any hold harmless agreements?=no, non_leased_equipments_Serial Number=CAT0320GCLX123456, Mobile Phone=2143254652, lessor_City=Dallas city, Email Address=, leased_equipment_City=Dallas city, Expiration Date=07-08-2026, non_leased_units_Model=Transit 250, leased_unit_City=Dallas city, Do over 50% of the employees use their autos in the business?=no, Broker Name=TEST, leased_unit_Vehicle Type=Heavy Trucks, loc City=NY, Reason=Non-Payment, leased_equipment_Lease Start Date=07/13/2022, Are any non-licensed drivers allowed to operate the vehicles?=no, non_leased_units_State=AZ, Any vehicles used by family members? If so, identify=no, Effective Date=07-08-2025, Do you want to add more than 5 Non-Element leased Equipment?=no, lessor_Name=Lessor1, non_leased_equipments_Category=Lifts, non_leased_equipments_City=Dallas city, Has there been any damage caused by normal wear and tear on the vehicles?=no, non_leased_units_Deductible (in USD)=1000, Do you obtain MVR (Motor Vehicle Report) verifications?=no, Do you want to create a list of lessors?=yes, leased_unit_License Plate Number=TXL-8923, leased_unit_Do you intend to use this unit for less than 30 days?=no, leased_unit_Address=1234 Elm Street, loss_payee_City=Dallas city, leased_equipment_Model=320 GC Hydraulic Excavator, lessor_Zip Code=75201, leased_unit_Year=2025, leased_equipment_Lease Term=25, Date Business Started=07-08-2025, Has there been any damage caused by freezing or extreme weather conditions?=no, Address Line 2=NY})</span>
                  <div class="stack-trace">org.openqa.selenium.NoSuchElementException: no such element: Unable to locate element: {&quot;method&quot;:&quot;xpath&quot;,&quot;selector&quot;:&quot;//*[contains(text(),&apos;Do you require insurance on units and equipment other than the Element-Leased units and equipment?&apos;)]/following::input[contains(@id,&apos;yes&apos;)and @type=&apos;radio&apos;] &quot;}
  (Session info: chrome=138.0.7204.101)
For documentation on this error, please visit: https://www.selenium.dev/documentation/webdriver/troubleshooting/errors#no-such-element-exception
Build info: version: &apos;4.34.0&apos;, revision: &apos;707dcb4246*&apos;
System info: os.name: &apos;Windows 11&apos;, os.arch: &apos;amd64&apos;, os.version: &apos;10.0&apos;, java.version: &apos;21.0.6&apos;
Driver info: org.openqa.selenium.chrome.ChromeDriver
Command: [f9115af03212cb9248cda0b7f1a7f9d6, findElement {using=xpath, value=//*[contains(text(),&apos;Do you require insurance on units and equipment other than the Element-Leased units and equipment?&apos;)]/following::input[contains(@id,&apos;yes&apos;)and @type=&apos;radio&apos;] }]
Capabilities {acceptInsecureCerts: false, browserName: chrome, browserVersion: 138.0.7204.101, chrome: {chromedriverVersion: 138.0.7204.157 (e533e98b126..., userDataDir: C:\Users\SUBHOJ~1\AppData\L...}, fedcm:accounts: true, goog:chromeOptions: {debuggerAddress: localhost:52384}, networkConnectionEnabled: false, pageLoadStrategy: normal, platformName: windows, proxy: Proxy(), se:cdp: ws://localhost:52384/devtoo..., se:cdpVersion: 138.0.7204.101, setWindowRect: true, strictFileInteractability: false, timeouts: {implicit: 0, pageLoad: 300000, script: 30000}, unhandledPromptBehavior: dismiss and notify, webauthn:extension:credBlob: true, webauthn:extension:largeBlob: true, webauthn:extension:minPinLength: true, webauthn:extension:prf: true, webauthn:virtualAuthenticators: true}
Session ID: f9115af03212cb9248cda0b7f1a7f9d6
	at java.base/jdk.internal.reflect.DirectConstructorHandleAccessor.newInstance(DirectConstructorHandleAccessor.java:62)
	at java.base/java.lang.reflect.Constructor.newInstanceWithCaller(Constructor.java:502)
	at java.base/java.lang.reflect.Constructor.newInstance(Constructor.java:486)
	at org.openqa.selenium.remote.ErrorCodec.decode(ErrorCodec.java:167)
	at org.openqa.selenium.remote.codec.w3c.W3CHttpResponseCodec.decode(W3CHttpResponseCodec.java:138)
	at org.openqa.selenium.remote.codec.w3c.W3CHttpResponseCodec.decode(W3CHttpResponseCodec.java:50)
	at org.openqa.selenium.remote.HttpCommandExecutor.execute(HttpCommandExecutor.java:215)
	at org.openqa.selenium.remote.service.DriverCommandExecutor.invokeExecute(DriverCommandExecutor.java:216)
	at org.openqa.selenium.remote.service.DriverCommandExecutor.execute(DriverCommandExecutor.java:174)
	at org.openqa.selenium.remote.RemoteWebDriver.execute(RemoteWebDriver.java:544)
	at org.openqa.selenium.remote.ElementLocation$ElementFinder$2.findElement(ElementLocation.java:165)
	at org.openqa.selenium.remote.ElementLocation.findElement(ElementLocation.java:59)
	at org.openqa.selenium.remote.RemoteWebDriver.findElement(RemoteWebDriver.java:367)
	at org.openqa.selenium.remote.RemoteWebDriver.findElement(RemoteWebDriver.java:361)
	at com.eox.utils.CommonFunctionUtils.radioButtonSelect(CommonFunctionUtils.java:63)
	at com.eox.externalhdo.elementfleet.pages.InsuranceFormPage.insuranceandApplicantInformationTab(InsuranceFormPage.java:50)
	at com.eox.externalhdo.elementfleet.tests.EF_E2ETest.insuranceApplicationSubmission(EF_E2ETest.java:27)
	at java.base/jdk.internal.reflect.DirectMethodHandleAccessor.invoke(DirectMethodHandleAccessor.java:103)
	at java.base/java.lang.reflect.Method.invoke(Method.java:580)
	at org.testng.internal.invokers.MethodInvocationHelper.invokeMethod(MethodInvocationHelper.java:141)
	at org.testng.internal.invokers.TestInvoker.invokeMethod(TestInvoker.java:687)
	at org.testng.internal.invokers.TestInvoker.invokeTestMethod(TestInvoker.java:230)
	at org.testng.internal.invokers.MethodRunner.runInSequence(MethodRunner.java:63)
	at org.testng.internal.invokers.TestInvoker$MethodInvocationAgent.invoke(TestInvoker.java:995)
	at org.testng.internal.invokers.TestInvoker.invokeTestMethods(TestInvoker.java:203)
	at org.testng.internal.invokers.TestMethodWorker.invokeTestMethods(TestMethodWorker.java:154)
	at org.testng.internal.invokers.TestMethodWorker.run(TestMethodWorker.java:134)
	at java.base/java.util.ArrayList.forEach(ArrayList.java:1596)
	at org.testng.TestRunner.privateRun(TestRunner.java:741)
	at org.testng.TestRunner.run(TestRunner.java:616)
	at org.testng.SuiteRunner.runTest(SuiteRunner.java:421)
	at org.testng.SuiteRunner.runSequentially(SuiteRunner.java:413)
	at org.testng.SuiteRunner.privateRun(SuiteRunner.java:373)
	at org.testng.SuiteRunner.run(SuiteRunner.java:312)
	at org.testng.SuiteRunnerWorker.runSuite(SuiteRunnerWorker.java:52)
	at org.testng.SuiteRunnerWorker.run(SuiteRunnerWorker.java:95)
	at org.testng.TestNG.runSuitesSequentially(TestNG.java:1274)
	at org.testng.TestNG.runSuitesLocally(TestNG.java:1208)
	at org.testng.TestNG.runSuites(TestNG.java:1112)
	at org.testng.TestNG.run(TestNG.java:1079)
	at org.testng.remote.AbstractRemoteTestNG.run(AbstractRemoteTestNG.java:115)
	at org.testng.remote.RemoteTestNG.initAndRun(RemoteTestNG.java:293)
	at org.testng.remote.RemoteTestNG.main(RemoteTestNG.java:91)

</div> <!-- stack-trace -->
                </div> <!-- method-content -->
              </div> <!-- method -->
              <div class="method">
                <div class="method-content">
                  <a name="publishQuotetest">
                  </a> <!-- publishQuotetest -->
                  <span class="method-name">publishQuotetest</span>
                  <div class="stack-trace">org.openqa.selenium.TimeoutException: Expected condition failed: waiting for invisibility of [[ChromeDriver: chrome on windows (f9115af03212cb9248cda0b7f1a7f9d6)] -&gt; xpath: //div[@class=&apos;spinner&apos;]] (tried for 10 second(s) with 500 milliseconds interval)
Build info: version: &apos;4.34.0&apos;, revision: &apos;707dcb4246*&apos;
System info: os.name: &apos;Windows 11&apos;, os.arch: &apos;amd64&apos;, os.version: &apos;10.0&apos;, java.version: &apos;21.0.6&apos;
Driver info: org.openqa.selenium.chrome.ChromeDriver
Capabilities {acceptInsecureCerts: false, browserName: chrome, browserVersion: 138.0.7204.101, chrome: {chromedriverVersion: 138.0.7204.157 (e533e98b126..., userDataDir: C:\Users\SUBHOJ~1\AppData\L...}, fedcm:accounts: true, goog:chromeOptions: {debuggerAddress: localhost:52384}, networkConnectionEnabled: false, pageLoadStrategy: normal, platformName: windows, proxy: Proxy(), se:cdp: ws://localhost:52384/devtoo..., se:cdpVersion: 138.0.7204.101, setWindowRect: true, strictFileInteractability: false, timeouts: {implicit: 0, pageLoad: 300000, script: 30000}, unhandledPromptBehavior: dismiss and notify, webauthn:extension:credBlob: true, webauthn:extension:largeBlob: true, webauthn:extension:minPinLength: true, webauthn:extension:prf: true, webauthn:virtualAuthenticators: true}
Session ID: f9115af03212cb9248cda0b7f1a7f9d6
	at org.openqa.selenium.support.ui.WebDriverWait.timeoutException(WebDriverWait.java:84)
	at org.openqa.selenium.support.ui.FluentWait.until(FluentWait.java:228)
	at com.eox.utils.CommonFunctionUtils.waitForSpinnerGoesOff(CommonFunctionUtils.java:150)
	at com.eox.externalhdo.elementfleet.pages.Producerquotepublishpage.publishquoteaction(Producerquotepublishpage.java:19)
	at com.eox.externalhdo.elementfleet.tests.EF_E2ETest.publishQuotetest(EF_E2ETest.java:45)
	at java.base/jdk.internal.reflect.DirectMethodHandleAccessor.invoke(DirectMethodHandleAccessor.java:103)
	at java.base/java.lang.reflect.Method.invoke(Method.java:580)
	at org.testng.internal.invokers.MethodInvocationHelper.invokeMethod(MethodInvocationHelper.java:141)
	at org.testng.internal.invokers.TestInvoker.invokeMethod(TestInvoker.java:687)
	at org.testng.internal.invokers.TestInvoker.invokeTestMethod(TestInvoker.java:230)
	at org.testng.internal.invokers.MethodRunner.runInSequence(MethodRunner.java:63)
	at org.testng.internal.invokers.TestInvoker$MethodInvocationAgent.invoke(TestInvoker.java:995)
	at org.testng.internal.invokers.TestInvoker.invokeTestMethods(TestInvoker.java:203)
	at org.testng.internal.invokers.TestMethodWorker.invokeTestMethods(TestMethodWorker.java:154)
	at org.testng.internal.invokers.TestMethodWorker.run(TestMethodWorker.java:134)
	at java.base/java.util.ArrayList.forEach(ArrayList.java:1596)
	at org.testng.TestRunner.privateRun(TestRunner.java:741)
	at org.testng.TestRunner.run(TestRunner.java:616)
	at org.testng.SuiteRunner.runTest(SuiteRunner.java:421)
	at org.testng.SuiteRunner.runSequentially(SuiteRunner.java:413)
	at org.testng.SuiteRunner.privateRun(SuiteRunner.java:373)
	at org.testng.SuiteRunner.run(SuiteRunner.java:312)
	at org.testng.SuiteRunnerWorker.runSuite(SuiteRunnerWorker.java:52)
	at org.testng.SuiteRunnerWorker.run(SuiteRunnerWorker.java:95)
	at org.testng.TestNG.runSuitesSequentially(TestNG.java:1274)
	at org.testng.TestNG.runSuitesLocally(TestNG.java:1208)
	at org.testng.TestNG.runSuites(TestNG.java:1112)
	at org.testng.TestNG.run(TestNG.java:1079)
	at org.testng.remote.AbstractRemoteTestNG.run(AbstractRemoteTestNG.java:115)
	at org.testng.remote.RemoteTestNG.initAndRun(RemoteTestNG.java:293)
	at org.testng.remote.RemoteTestNG.main(RemoteTestNG.java:91)

</div> <!-- stack-trace -->
                </div> <!-- method-content -->
              </div> <!-- method -->
              <div class="method">
                <div class="method-content">
                  <a name="quoteAccept">
                  </a> <!-- quoteAccept -->
                  <span class="method-name">quoteAccept</span>
                  <div class="stack-trace">org.openqa.selenium.StaleElementReferenceException: stale element reference: stale element not found in the current frame
  (Session info: chrome=138.0.7204.101)
For documentation on this error, please visit: https://www.selenium.dev/documentation/webdriver/troubleshooting/errors#stale-element-reference-exception
Build info: version: &apos;4.34.0&apos;, revision: &apos;707dcb4246*&apos;
System info: os.name: &apos;Windows 11&apos;, os.arch: &apos;amd64&apos;, os.version: &apos;10.0&apos;, java.version: &apos;21.0.6&apos;
Driver info: org.openqa.selenium.chrome.ChromeDriver
Command: [f9115af03212cb9248cda0b7f1a7f9d6, isElementDisplayed {id=f.5765B6148698C01C69C869F66BC65EA7.d.59B4C598CF32F4D7697FE9D3803C736B.e.306}]
Capabilities {acceptInsecureCerts: false, browserName: chrome, browserVersion: 138.0.7204.101, chrome: {chromedriverVersion: 138.0.7204.157 (e533e98b126..., userDataDir: C:\Users\SUBHOJ~1\AppData\L...}, fedcm:accounts: true, goog:chromeOptions: {debuggerAddress: localhost:52384}, networkConnectionEnabled: false, pageLoadStrategy: normal, platformName: windows, proxy: Proxy(), se:cdp: ws://localhost:52384/devtoo..., se:cdpVersion: 138.0.7204.101, setWindowRect: true, strictFileInteractability: false, timeouts: {implicit: 0, pageLoad: 300000, script: 30000}, unhandledPromptBehavior: dismiss and notify, webauthn:extension:credBlob: true, webauthn:extension:largeBlob: true, webauthn:extension:minPinLength: true, webauthn:extension:prf: true, webauthn:virtualAuthenticators: true}
Element: [[ChromeDriver: chrome on windows (f9115af03212cb9248cda0b7f1a7f9d6)] -&gt; xpath: //a[contains(@title,&apos;Insurance&apos;) and contains(normalize-space(), &apos;Quotes&apos;)]]
Session ID: f9115af03212cb9248cda0b7f1a7f9d6
	at java.base/jdk.internal.reflect.DirectConstructorHandleAccessor.newInstance(DirectConstructorHandleAccessor.java:62)
	at java.base/java.lang.reflect.Constructor.newInstanceWithCaller(Constructor.java:502)
	at java.base/java.lang.reflect.Constructor.newInstance(Constructor.java:486)
	at org.openqa.selenium.remote.ErrorCodec.decode(ErrorCodec.java:167)
	at org.openqa.selenium.remote.codec.w3c.W3CHttpResponseCodec.decode(W3CHttpResponseCodec.java:138)
	at org.openqa.selenium.remote.codec.w3c.W3CHttpResponseCodec.decode(W3CHttpResponseCodec.java:50)
	at org.openqa.selenium.remote.HttpCommandExecutor.execute(HttpCommandExecutor.java:215)
	at org.openqa.selenium.remote.service.DriverCommandExecutor.invokeExecute(DriverCommandExecutor.java:216)
	at org.openqa.selenium.remote.service.DriverCommandExecutor.execute(DriverCommandExecutor.java:174)
	at org.openqa.selenium.remote.RemoteWebDriver.execute(RemoteWebDriver.java:544)
	at org.openqa.selenium.remote.RemoteWebElement.execute(RemoteWebElement.java:223)
	at org.openqa.selenium.remote.RemoteWebElement.isDisplayed(RemoteWebElement.java:282)
	at org.openqa.selenium.support.ui.ExpectedConditions.elementIfVisible(ExpectedConditions.java:304)
	at org.openqa.selenium.support.ui.ExpectedConditions$10.apply(ExpectedConditions.java:290)
	at org.openqa.selenium.support.ui.ExpectedConditions$10.apply(ExpectedConditions.java:287)
	at org.openqa.selenium.support.ui.ExpectedConditions$23.apply(ExpectedConditions.java:656)
	at org.openqa.selenium.support.ui.ExpectedConditions$23.apply(ExpectedConditions.java:652)
	at org.openqa.selenium.support.ui.FluentWait.until(FluentWait.java:203)
	at com.eox.utils.CommonFunctionUtils.elementClick(CommonFunctionUtils.java:32)
	at com.eox.utils.HDOUtils.openTiles(HDOUtils.java:40)
	at com.eox.externalhdo.elementfleet.pages.producerquoteacceptpage.quoteaccept(producerquoteacceptpage.java:23)
	at com.eox.externalhdo.elementfleet.tests.EF_E2ETest.quoteAccept(EF_E2ETest.java:53)
	at java.base/jdk.internal.reflect.DirectMethodHandleAccessor.invoke(DirectMethodHandleAccessor.java:103)
	at java.base/java.lang.reflect.Method.invoke(Method.java:580)
	at org.testng.internal.invokers.MethodInvocationHelper.invokeMethod(MethodInvocationHelper.java:141)
	at org.testng.internal.invokers.TestInvoker.invokeMethod(TestInvoker.java:687)
	at org.testng.internal.invokers.TestInvoker.invokeTestMethod(TestInvoker.java:230)
	at org.testng.internal.invokers.MethodRunner.runInSequence(MethodRunner.java:63)
	at org.testng.internal.invokers.TestInvoker$MethodInvocationAgent.invoke(TestInvoker.java:995)
	at org.testng.internal.invokers.TestInvoker.invokeTestMethods(TestInvoker.java:203)
	at org.testng.internal.invokers.TestMethodWorker.invokeTestMethods(TestMethodWorker.java:154)
	at org.testng.internal.invokers.TestMethodWorker.run(TestMethodWorker.java:134)
	at java.base/java.util.ArrayList.forEach(ArrayList.java:1596)
	at org.testng.TestRunner.privateRun(TestRunner.java:741)
	at org.testng.TestRunner.run(TestRunner.java:616)
	at org.testng.SuiteRunner.runTest(SuiteRunner.java:421)
	at org.testng.SuiteRunner.runSequentially(SuiteRunner.java:413)
	at org.testng.SuiteRunner.privateRun(SuiteRunner.java:373)
	at org.testng.SuiteRunner.run(SuiteRunner.java:312)
	at org.testng.SuiteRunnerWorker.runSuite(SuiteRunnerWorker.java:52)
	at org.testng.SuiteRunnerWorker.run(SuiteRunnerWorker.java:95)
	at org.testng.TestNG.runSuitesSequentially(TestNG.java:1274)
	at org.testng.TestNG.runSuitesLocally(TestNG.java:1208)
	at org.testng.TestNG.runSuites(TestNG.java:1112)
	at org.testng.TestNG.run(TestNG.java:1079)
	at org.testng.remote.AbstractRemoteTestNG.run(AbstractRemoteTestNG.java:115)
	at org.testng.remote.RemoteTestNG.initAndRun(RemoteTestNG.java:293)
	at org.testng.remote.RemoteTestNG.main(RemoteTestNG.java:91)

</div> <!-- stack-trace -->
                </div> <!-- method-content -->
              </div> <!-- method -->
            </div> <!-- main-panel-content rounded-window-bottom -->
          </div> <!-- suite-Default_suite-class-failed -->
          <div class="suite-Default_suite-class-passed">
            <div class="main-panel-header rounded-window-top">
              <img src="passed.png"/>
              <span class="class-name">com.eox.externalhdo.elementfleet.tests.EF_E2ETest</span>
            </div> <!-- main-panel-header rounded-window-top -->
            <div class="main-panel-content rounded-window-bottom">
              <div class="method">
                <div class="method-content">
                  <a name="producerSendapplication">
                  </a> <!-- producerSendapplication -->
                  <span class="method-name">producerSendapplication</span>
                </div> <!-- method-content -->
              </div> <!-- method -->
            </div> <!-- main-panel-content rounded-window-bottom -->
          </div> <!-- suite-Default_suite-class-passed -->
        </div> <!-- panel Default_suite -->
        <div panel-name="test-xml-Default_suite" class="panel">
          <div class="main-panel-header rounded-window-top">
            <span class="header-content">C:\Users\subhojitr\AppData\Local\Temp\testng-eclipse--1587467104\testng-customsuite.xml</span>
          </div> <!-- main-panel-header rounded-window-top -->
          <div class="main-panel-content rounded-window-bottom">
            <pre>
&lt;?xml version=&quot;1.0&quot; encoding=&quot;UTF-8&quot;?&gt;
&lt;!DOCTYPE suite SYSTEM &quot;https://testng.org/testng-1.0.dtd&quot;&gt;
&lt;suite name=&quot;Default suite&quot; guice-stage=&quot;DEVELOPMENT&quot;&gt;
  &lt;test thread-count=&quot;5&quot; name=&quot;Default test&quot; verbose=&quot;2&quot;&gt;
    &lt;classes&gt;
      &lt;class name=&quot;com.eox.externalhdo.elementfleet.tests.EF_E2ETest&quot;/&gt;
    &lt;/classes&gt;
  &lt;/test&gt; &lt;!-- Default test --&gt;
&lt;/suite&gt; &lt;!-- Default suite --&gt;
            </pre>
          </div> <!-- main-panel-content rounded-window-bottom -->
        </div> <!-- panel -->
        <div panel-name="testlist-Default_suite" class="panel">
          <div class="main-panel-header rounded-window-top">
            <span class="header-content">Tests for Default suite</span>
          </div> <!-- main-panel-header rounded-window-top -->
          <div class="main-panel-content rounded-window-bottom">
            <ul>
              <li>
                <span class="test-name">Default test (1 class)</span>
              </li>
            </ul>
          </div> <!-- main-panel-content rounded-window-bottom -->
        </div> <!-- panel -->
        <div panel-name="group-Default_suite" class="panel">
          <div class="main-panel-header rounded-window-top">
            <span class="header-content">Groups for Default suite</span>
          </div> <!-- main-panel-header rounded-window-top -->
          <div class="main-panel-content rounded-window-bottom">
          </div> <!-- main-panel-content rounded-window-bottom -->
        </div> <!-- panel -->
        <div panel-name="times-Default_suite" class="panel">
          <div class="main-panel-header rounded-window-top">
            <span class="header-content">Times for Default suite</span>
          </div> <!-- main-panel-header rounded-window-top -->
          <div class="main-panel-content rounded-window-bottom">
            <div class="times-div">
              <script type="text/javascript">
suiteTableInitFunctions.push('tableData_Default_suite');
function tableData_Default_suite() {
var data = new google.visualization.DataTable();
data.addColumn('number', 'Number');
data.addColumn('string', 'Method');
data.addColumn('string', 'Class');
data.addColumn('number', 'Time (ms)');
data.addRows(4);
data.setCell(0, 0, 0)
data.setCell(0, 1, 'insuranceApplicationSubmission')
data.setCell(0, 2, 'com.eox.externalhdo.elementfleet.tests.EF_E2ETest')
data.setCell(0, 3, 37389);
data.setCell(1, 0, 1)
data.setCell(1, 1, 'producerSendapplication')
data.setCell(1, 2, 'com.eox.externalhdo.elementfleet.tests.EF_E2ETest')
data.setCell(1, 3, 32288);
data.setCell(2, 0, 2)
data.setCell(2, 1, 'publishQuotetest')
data.setCell(2, 2, 'com.eox.externalhdo.elementfleet.tests.EF_E2ETest')
data.setCell(2, 3, 20369);
data.setCell(3, 0, 3)
data.setCell(3, 1, 'quoteAccept')
data.setCell(3, 2, 'com.eox.externalhdo.elementfleet.tests.EF_E2ETest')
data.setCell(3, 3, 12289);
window.suiteTableData['Default_suite']= { tableData: data, tableDiv: 'times-div-Default_suite'}
return data;
}
              </script>
              <span class="suite-total-time">Total running time: 1 minutes</span>
              <div id="times-div-Default_suite">
              </div> <!-- times-div-Default_suite -->
            </div> <!-- times-div -->
          </div> <!-- main-panel-content rounded-window-bottom -->
        </div> <!-- panel -->
        <div panel-name="reporter-Default_suite" class="panel">
          <div class="main-panel-header rounded-window-top">
            <span class="header-content">Reporter output for Default suite</span>
          </div> <!-- main-panel-header rounded-window-top -->
          <div class="main-panel-content rounded-window-bottom">
          </div> <!-- main-panel-content rounded-window-bottom -->
        </div> <!-- panel -->
        <div panel-name="ignored-methods-Default_suite" class="panel">
          <div class="main-panel-header rounded-window-top">
            <span class="header-content">0 ignored methods</span>
          </div> <!-- main-panel-header rounded-window-top -->
          <div class="main-panel-content rounded-window-bottom">
          </div> <!-- main-panel-content rounded-window-bottom -->
        </div> <!-- panel -->
        <div panel-name="chronological-Default_suite" class="panel">
          <div class="main-panel-header rounded-window-top">
            <span class="header-content">Methods in chronological order</span>
          </div> <!-- main-panel-header rounded-window-top -->
          <div class="main-panel-content rounded-window-bottom">
            <div class="chronological-class">
              <div class="chronological-class-name">com.eox.externalhdo.elementfleet.tests.EF_E2ETest</div> <!-- chronological-class-name -->
              <div class="configuration-suite before">
                <span class="method-name">initializebrowser</span>
                <span class="method-start">0 ms</span>
              </div> <!-- configuration-suite before -->
              <div class="configuration-test before">
                <span class="method-name">loginSetup</span>
                <span class="method-start">21438 ms</span>
              </div> <!-- configuration-test before -->
              <div class="test-method">
                <img src="failed.png">
                </img>
                <span class="method-name">insuranceApplicationSubmission({leased_unit_Cap Cost (Original cost + Upfit value)(in USD)=43500, leased_unit_Lease Term (in Months...)</span>
                <span class="method-start">22117 ms</span>
              </div> <!-- test-method -->
              <div class="test-method">
                <span class="method-name">producerSendapplication</span>
                <span class="method-start">59525 ms</span>
              </div> <!-- test-method -->
              <div class="test-method">
                <img src="failed.png">
                </img>
                <span class="method-name">publishQuotetest</span>
                <span class="method-start">91821 ms</span>
              </div> <!-- test-method -->
              <div class="test-method">
                <img src="failed.png">
                </img>
                <span class="method-name">quoteAccept</span>
                <span class="method-start">112198 ms</span>
              </div> <!-- test-method -->
          </div> <!-- main-panel-content rounded-window-bottom -->
        </div> <!-- panel -->
      </div> <!-- main-panel-root -->
    </div> <!-- wrapper -->
  </body>
<script type="text/javascript" src="testng-reports2.js"></script>
</html>
